<?xml version="1.0" encoding="UTF-8"?>
<robot generator="Robot 3.2.1 (Python 3.8.3 on darwin)" generated="20210113 15:03:49.280" rpa="false">
<suite id="s1" name="Tests" source="/Users/gabriela/Desktop/organizar/test_automation_robot/tests">
<suite id="s1-s1" name="Amazon" source="/Users/gabriela/Desktop/organizar/test_automation_robot/tests/Amazon.robot">
<kw name="Insert Testing Data" library="Common" type="setup">
<kw name="Custom Keyword 1" library="Common">
<kw name="Log" library="BuiltIn">
<doc>Logs the given message with the given level.</doc>
<arguments>
<arg>Doing keyword 1</arg>
</arguments>
<msg timestamp="20210113 15:03:49.673" level="INFO">Doing keyword 1</msg>
<status status="PASS" starttime="20210113 15:03:49.673" endtime="20210113 15:03:49.673"></status>
</kw>
<status status="PASS" starttime="20210113 15:03:49.672" endtime="20210113 15:03:49.673"></status>
</kw>
<kw name="Custom Keyword 2" library="Common">
<kw name="Log" library="BuiltIn">
<doc>Logs the given message with the given level.</doc>
<arguments>
<arg>Doing keyword 2...</arg>
</arguments>
<msg timestamp="20210113 15:03:49.674" level="INFO">Doing keyword 2...</msg>
<status status="PASS" starttime="20210113 15:03:49.674" endtime="20210113 15:03:49.674"></status>
</kw>
<status status="PASS" starttime="20210113 15:03:49.673" endtime="20210113 15:03:49.674"></status>
</kw>
<status status="PASS" starttime="20210113 15:03:49.672" endtime="20210113 15:03:49.674"></status>
</kw>
<test id="s1-s1-t1" name="Should be able to login">
<kw name="Begin Web Test" library="Common" type="setup">
<kw name="Open Browser" library="SeleniumLibrary">
<doc>Opens a new browser instance to the optional ``url``.</doc>
<arguments>
<arg>about:blank</arg>
<arg>${BROWSER}</arg>
</arguments>
<msg timestamp="20210113 15:03:49.676" level="INFO">Opening browser 'chrome' to base url 'about:blank'.</msg>
<kw name="Capture Page Screenshot" library="SeleniumLibrary">
<doc>Takes a screenshot of the current page and embeds it into a log file.</doc>
<msg timestamp="20210113 15:03:53.057" level="INFO">Cannot capture screenshot because no browser is open.</msg>
<status status="PASS" starttime="20210113 15:03:53.056" endtime="20210113 15:03:53.057"></status>
</kw>
<msg timestamp="20210113 15:03:53.068" level="FAIL">SessionNotCreatedException: Message: session not created: This version of ChromeDriver only supports Chrome version 85
</msg>
<status status="FAIL" starttime="20210113 15:03:49.676" endtime="20210113 15:03:53.068"></status>
</kw>
<status status="FAIL" starttime="20210113 15:03:49.675" endtime="20210113 15:03:53.069"></status>
</kw>
<kw name="End Web Test" library="Common" type="teardown">
<kw name="Close Browser" library="SeleniumLibrary">
<doc>Closes the current browser.</doc>
<status status="PASS" starttime="20210113 15:03:53.070" endtime="20210113 15:03:53.071"></status>
</kw>
<status status="PASS" starttime="20210113 15:03:53.070" endtime="20210113 15:03:53.071"></status>
</kw>
<status status="FAIL" starttime="20210113 15:03:49.674" endtime="20210113 15:03:53.072" critical="yes">Setup failed:
SessionNotCreatedException: Message: session not created: This version of ChromeDriver only supports Chrome version 85
</status>
</test>
<test id="s1-s1-t2" name="Logged out user should be able to search for products">
<kw name="Begin Web Test" library="Common" type="setup">
<kw name="Open Browser" library="SeleniumLibrary">
<doc>Opens a new browser instance to the optional ``url``.</doc>
<arguments>
<arg>about:blank</arg>
<arg>${BROWSER}</arg>
</arguments>
<msg timestamp="20210113 15:03:53.077" level="INFO">Opening browser 'chrome' to base url 'about:blank'.</msg>
<kw name="Capture Page Screenshot" library="SeleniumLibrary">
<doc>Takes a screenshot of the current page and embeds it into a log file.</doc>
<msg timestamp="20210113 15:03:55.928" level="INFO">Cannot capture screenshot because no browser is open.</msg>
<status status="PASS" starttime="20210113 15:03:55.927" endtime="20210113 15:03:55.928"></status>
</kw>
<msg timestamp="20210113 15:03:55.930" level="FAIL">SessionNotCreatedException: Message: session not created: This version of ChromeDriver only supports Chrome version 85
</msg>
<status status="FAIL" starttime="20210113 15:03:53.077" endtime="20210113 15:03:55.930"></status>
</kw>
<status status="FAIL" starttime="20210113 15:03:53.076" endtime="20210113 15:03:55.930"></status>
</kw>
<kw name="End Web Test" library="Common" type="teardown">
<kw name="Close Browser" library="SeleniumLibrary">
<doc>Closes the current browser.</doc>
<status status="PASS" starttime="20210113 15:03:55.931" endtime="20210113 15:03:55.932"></status>
</kw>
<status status="PASS" starttime="20210113 15:03:55.931" endtime="20210113 15:03:55.932"></status>
</kw>
<tags>
<tag>Current</tag>
</tags>
<status status="FAIL" starttime="20210113 15:03:53.074" endtime="20210113 15:03:55.932" critical="yes">Setup failed:
SessionNotCreatedException: Message: session not created: This version of ChromeDriver only supports Chrome version 85
</status>
</test>
<test id="s1-s1-t3" name="Logged out user should be able to view a product">
<kw name="Begin Web Test" library="Common" type="setup">
<kw name="Open Browser" library="SeleniumLibrary">
<doc>Opens a new browser instance to the optional ``url``.</doc>
<arguments>
<arg>about:blank</arg>
<arg>${BROWSER}</arg>
</arguments>
<msg timestamp="20210113 15:03:55.936" level="INFO">Opening browser 'chrome' to base url 'about:blank'.</msg>
<kw name="Capture Page Screenshot" library="SeleniumLibrary">
<doc>Takes a screenshot of the current page and embeds it into a log file.</doc>
<msg timestamp="20210113 15:03:58.618" level="INFO">Cannot capture screenshot because no browser is open.</msg>
<status status="PASS" starttime="20210113 15:03:58.617" endtime="20210113 15:03:58.618"></status>
</kw>
<msg timestamp="20210113 15:03:58.620" level="FAIL">SessionNotCreatedException: Message: session not created: This version of ChromeDriver only supports Chrome version 85
</msg>
<status status="FAIL" starttime="20210113 15:03:55.935" endtime="20210113 15:03:58.620"></status>
</kw>
<status status="FAIL" starttime="20210113 15:03:55.934" endtime="20210113 15:03:58.621"></status>
</kw>
<kw name="End Web Test" library="Common" type="teardown">
<kw name="Close Browser" library="SeleniumLibrary">
<doc>Closes the current browser.</doc>
<status status="PASS" starttime="20210113 15:03:58.623" endtime="20210113 15:03:58.623"></status>
</kw>
<status status="PASS" starttime="20210113 15:03:58.622" endtime="20210113 15:03:58.623"></status>
</kw>
<tags>
<tag>Smoke</tag>
</tags>
<status status="FAIL" starttime="20210113 15:03:55.933" endtime="20210113 15:03:58.624" critical="yes">Setup failed:
SessionNotCreatedException: Message: session not created: This version of ChromeDriver only supports Chrome version 85
</status>
</test>
<test id="s1-s1-t4" name="User should be able to search for products">
<kw name="Begin Web Test" library="Common" type="setup">
<kw name="Open Browser" library="SeleniumLibrary">
<doc>Opens a new browser instance to the optional ``url``.</doc>
<arguments>
<arg>about:blank</arg>
<arg>${BROWSER}</arg>
</arguments>
<msg timestamp="20210113 15:03:58.628" level="INFO">Opening browser 'chrome' to base url 'about:blank'.</msg>
<kw name="Capture Page Screenshot" library="SeleniumLibrary">
<doc>Takes a screenshot of the current page and embeds it into a log file.</doc>
<msg timestamp="20210113 15:04:02.662" level="INFO">Cannot capture screenshot because no browser is open.</msg>
<status status="PASS" starttime="20210113 15:04:02.661" endtime="20210113 15:04:02.663"></status>
</kw>
<msg timestamp="20210113 15:04:02.665" level="FAIL">SessionNotCreatedException: Message: session not created: This version of ChromeDriver only supports Chrome version 85
</msg>
<status status="FAIL" starttime="20210113 15:03:58.627" endtime="20210113 15:04:02.665"></status>
</kw>
<status status="FAIL" starttime="20210113 15:03:58.626" endtime="20210113 15:04:02.666"></status>
</kw>
<kw name="End Web Test" library="Common" type="teardown">
<kw name="Close Browser" library="SeleniumLibrary">
<doc>Closes the current browser.</doc>
<status status="PASS" starttime="20210113 15:04:02.668" endtime="20210113 15:04:02.669"></status>
</kw>
<status status="PASS" starttime="20210113 15:04:02.667" endtime="20210113 15:04:02.670"></status>
</kw>
<doc>This is some basic info about the test</doc>
<tags>
<tag>Smoke</tag>
</tags>
<status status="FAIL" starttime="20210113 15:03:58.625" endtime="20210113 15:04:02.670" critical="yes">Setup failed:
SessionNotCreatedException: Message: session not created: This version of ChromeDriver only supports Chrome version 85
</status>
</test>
<test id="s1-s1-t5" name="User should be able to sign in to check out">
<kw name="Begin Web Test" library="Common" type="setup">
<kw name="Open Browser" library="SeleniumLibrary">
<doc>Opens a new browser instance to the optional ``url``.</doc>
<arguments>
<arg>about:blank</arg>
<arg>${BROWSER}</arg>
</arguments>
<msg timestamp="20210113 15:04:02.677" level="INFO">Opening browser 'chrome' to base url 'about:blank'.</msg>
<kw name="Capture Page Screenshot" library="SeleniumLibrary">
<doc>Takes a screenshot of the current page and embeds it into a log file.</doc>
<msg timestamp="20210113 15:04:05.460" level="INFO">Cannot capture screenshot because no browser is open.</msg>
<status status="PASS" starttime="20210113 15:04:05.459" endtime="20210113 15:04:05.461"></status>
</kw>
<msg timestamp="20210113 15:04:05.462" level="FAIL">SessionNotCreatedException: Message: session not created: This version of ChromeDriver only supports Chrome version 85
</msg>
<status status="FAIL" starttime="20210113 15:04:02.676" endtime="20210113 15:04:05.462"></status>
</kw>
<status status="FAIL" starttime="20210113 15:04:02.675" endtime="20210113 15:04:05.463"></status>
</kw>
<kw name="End Web Test" library="Common" type="teardown">
<kw name="Close Browser" library="SeleniumLibrary">
<doc>Closes the current browser.</doc>
<status status="PASS" starttime="20210113 15:04:05.465" endtime="20210113 15:04:05.465"></status>
</kw>
<status status="PASS" starttime="20210113 15:04:05.464" endtime="20210113 15:04:05.465"></status>
</kw>
<doc>This is some basic info about the test</doc>
<tags>
<tag>Smoke</tag>
</tags>
<status status="FAIL" starttime="20210113 15:04:02.672" endtime="20210113 15:04:05.465" critical="yes">Setup failed:
SessionNotCreatedException: Message: session not created: This version of ChromeDriver only supports Chrome version 85
</status>
</test>
<kw name="Cleanup Testing Data" library="Common" type="teardown">
<kw name="Log" library="BuiltIn">
<doc>Logs the given message with the given level.</doc>
<arguments>
<arg>I am cleaning up the test data...</arg>
</arguments>
<msg timestamp="20210113 15:04:05.470" level="INFO">I am cleaning up the test data...</msg>
<status status="PASS" starttime="20210113 15:04:05.470" endtime="20210113 15:04:05.471"></status>
</kw>
<status status="PASS" starttime="20210113 15:04:05.469" endtime="20210113 15:04:05.472"></status>
</kw>
<doc>This is some basic info about the whole suite</doc>
<status status="FAIL" starttime="20210113 15:03:49.327" endtime="20210113 15:04:05.472"></status>
</suite>
<status status="FAIL" starttime="20210113 15:03:49.283" endtime="20210113 15:04:05.482"></status>
</suite>
<statistics>
<total>
<stat pass="0" fail="5">Critical Tests</stat>
<stat pass="0" fail="5">All Tests</stat>
</total>
<tag>
<stat pass="0" fail="1">Current</stat>
<stat pass="0" fail="3">Smoke</stat>
</tag>
<suite>
<stat pass="0" fail="5" id="s1" name="Tests">Tests</stat>
<stat pass="0" fail="5" id="s1-s1" name="Amazon">Tests.Amazon</stat>
</suite>
</statistics>
<errors>
</errors>
</robot>
